{
  "/Users/nick/Developer/forgejo/lens-frontend/src/style.css": {
    "path": "/Users/nick/Developer/forgejo/lens-frontend/src/style.css",
    "statementMap": {},
    "fnMap": {},
    "branchMap": {},
    "s": {},
    "f": {},
    "b": {},
    "meta": {
      "lastBranch": 0,
      "lastFunction": 0,
      "lastStatement": 0,
      "seen": {},
      "fnNames": {}
    }
  },
  "/Users/nick/Developer/forgejo/lens-frontend/src/api/client.js": {
    "path": "/Users/nick/Developer/forgejo/lens-frontend/src/api/client.js",
    "statementMap": {
      "0": {
        "start": { "line": 3, "column": 29 },
        "end": { "line": 3, "column": 33 }
      },
      "1": {
        "start": { "line": 5, "column": 14 },
        "end": { "line": 5, "column": 71 }
      },
      "2": {
        "start": { "line": 5, "column": 22 },
        "end": { "line": 5, "column": 71 }
      },
      "3": {
        "start": { "line": 5, "column": 47 },
        "end": { "line": 5, "column": 70 }
      },
      "4": {
        "start": { "line": 8, "column": 18 },
        "end": { "line": 8, "column": 55 }
      },
      "5": {
        "start": { "line": 9, "column": 2 },
        "end": { "line": 9, "column": null }
      },
      "6": {
        "start": { "line": 9, "column": 16 },
        "end": { "line": 9, "column": null }
      },
      "7": {
        "start": { "line": 11, "column": 2 },
        "end": { "line": 24, "column": null }
      },
      "8": {
        "start": { "line": 12, "column": 4 },
        "end": { "line": 23, "column": null }
      },
      "9": {
        "start": { "line": 13, "column": 21 },
        "end": { "line": 13, "column": 37 }
      },
      "10": {
        "start": { "line": 15, "column": 6 },
        "end": { "line": 18, "column": null }
      },
      "11": {
        "start": { "line": 16, "column": 8 },
        "end": { "line": 16, "column": null }
      },
      "12": {
        "start": { "line": 17, "column": 8 },
        "end": { "line": 17, "column": null }
      },
      "13": {
        "start": { "line": 19, "column": 6 },
        "end": { "line": 19, "column": null }
      },
      "14": {
        "start": { "line": 21, "column": 6 },
        "end": { "line": 21, "column": null }
      },
      "15": {
        "start": { "line": 22, "column": 6 },
        "end": { "line": 22, "column": null }
      },
      "16": {
        "start": { "line": 26, "column": 2 },
        "end": { "line": 28, "column": null }
      },
      "17": {
        "start": { "line": 27, "column": 4 },
        "end": { "line": 27, "column": null }
      },
      "18": {
        "start": { "line": 30, "column": 2 },
        "end": { "line": 32, "column": null }
      },
      "19": {
        "start": { "line": 33, "column": 2 },
        "end": { "line": 33, "column": null }
      },
      "20": {
        "start": { "line": 68, "column": 2 },
        "end": { "line": 70, "column": null }
      },
      "21": {
        "start": { "line": 69, "column": 4 },
        "end": { "line": 69, "column": null }
      },
      "22": {
        "start": { "line": 72, "column": 2 },
        "end": { "line": 72, "column": null }
      },
      "23": {
        "start": { "line": 73, "column": 17 },
        "end": { "line": 73, "column": 46 }
      },
      "24": {
        "start": { "line": 75, "column": 16 },
        "end": { "line": 75, "column": 17 }
      },
      "25": {
        "start": { "line": 76, "column": 22 },
        "end": { "line": 76, "column": 23 }
      },
      "26": {
        "start": { "line": 77, "column": 17 },
        "end": { "line": 77, "column": 35 }
      },
      "27": {
        "start": { "line": 79, "column": 2 },
        "end": { "line": 121, "column": null }
      },
      "28": {
        "start": { "line": 80, "column": 4 },
        "end": { "line": 120, "column": null }
      },
      "29": {
        "start": { "line": 81, "column": 22 },
        "end": { "line": 81, "column": 38 }
      },
      "30": {
        "start": { "line": 82, "column": 24 },
        "end": { "line": 82, "column": 70 }
      },
      "31": {
        "start": { "line": 83, "column": 6 },
        "end": { "line": 85, "column": null }
      },
      "32": {
        "start": { "line": 84, "column": 8 },
        "end": { "line": 84, "column": null }
      },
      "33": {
        "start": { "line": 88, "column": 8 },
        "end": { "line": 90, "column": 52 }
      },
      "34": {
        "start": { "line": 92, "column": 23 },
        "end": { "line": 92, "column": 51 }
      },
      "35": {
        "start": { "line": 94, "column": 6 },
        "end": { "line": 96, "column": null }
      },
      "36": {
        "start": { "line": 95, "column": 8 },
        "end": { "line": 95, "column": null }
      },
      "37": {
        "start": { "line": 98, "column": 6 },
        "end": { "line": 98, "column": null }
      },
      "38": {
        "start": { "line": 100, "column": 6 },
        "end": { "line": 103, "column": null }
      },
      "39": {
        "start": { "line": 101, "column": 8 },
        "end": { "line": 101, "column": null }
      },
      "40": {
        "start": { "line": 102, "column": 8 },
        "end": { "line": 102, "column": null }
      },
      "41": {
        "start": { "line": 105, "column": 6 },
        "end": { "line": 108, "column": null }
      },
      "42": {
        "start": { "line": 110, "column": 6 },
        "end": { "line": 110, "column": null }
      },
      "43": {
        "start": { "line": 111, "column": 6 },
        "end": { "line": 117, "column": null }
      },
      "44": {
        "start": { "line": 112, "column": 8 },
        "end": { "line": 115, "column": null }
      },
      "45": {
        "start": { "line": 116, "column": 8 },
        "end": { "line": 116, "column": null }
      },
      "46": {
        "start": { "line": 119, "column": 6 },
        "end": { "line": 119, "column": null }
      },
      "47": {
        "start": { "line": 144, "column": 16 },
        "end": { "line": 144, "column": 17 }
      },
      "48": {
        "start": { "line": 145, "column": 22 },
        "end": { "line": 145, "column": 23 }
      },
      "49": {
        "start": { "line": 146, "column": 17 },
        "end": { "line": 146, "column": 35 }
      },
      "50": {
        "start": { "line": 148, "column": 2 },
        "end": { "line": 176, "column": null }
      },
      "51": {
        "start": { "line": 149, "column": 4 },
        "end": { "line": 175, "column": null }
      },
      "52": {
        "start": { "line": 150, "column": 22 },
        "end": { "line": 150, "column": 38 }
      },
      "53": {
        "start": { "line": 151, "column": 18 },
        "end": { "line": 151, "column": 203 }
      },
      "54": {
        "start": { "line": 153, "column": 18 },
        "end": { "line": 153, "column": 34 }
      },
      "55": {
        "start": { "line": 155, "column": 6 },
        "end": { "line": 157, "column": null }
      },
      "56": {
        "start": { "line": 156, "column": 8 },
        "end": { "line": 156, "column": null }
      },
      "57": {
        "start": { "line": 159, "column": 19 },
        "end": { "line": 159, "column": 35 }
      },
      "58": {
        "start": { "line": 160, "column": 6 },
        "end": { "line": 160, "column": null }
      },
      "59": {
        "start": { "line": 162, "column": 6 },
        "end": { "line": 162, "column": null }
      },
      "60": {
        "start": { "line": 163, "column": 6 },
        "end": { "line": 169, "column": null }
      },
      "61": {
        "start": { "line": 164, "column": 8 },
        "end": { "line": 167, "column": null }
      },
      "62": {
        "start": { "line": 168, "column": 8 },
        "end": { "line": 168, "column": null }
      },
      "63": {
        "start": { "line": 170, "column": 6 },
        "end": { "line": 173, "column": null }
      },
      "64": {
        "start": { "line": 174, "column": 6 },
        "end": { "line": 174, "column": null }
      },
      "65": {
        "start": { "line": 177, "column": 2 },
        "end": { "line": 177, "column": null }
      }
    },
    "fnMap": {
      "0": {
        "name": "(anonymous_0)",
        "decl": {
          "start": { "line": 5, "column": 14 },
          "end": { "line": 5, "column": 15 }
        },
        "loc": {
          "start": { "line": 5, "column": 22 },
          "end": { "line": 5, "column": 71 }
        },
        "line": 5
      },
      "1": {
        "name": "(anonymous_1)",
        "decl": {
          "start": { "line": 5, "column": 34 },
          "end": { "line": 5, "column": 35 }
        },
        "loc": {
          "start": { "line": 5, "column": 47 },
          "end": { "line": 5, "column": 70 }
        },
        "line": 5
      },
      "2": {
        "name": "getSafeBaseUrl",
        "decl": {
          "start": { "line": 7, "column": 9 },
          "end": { "line": 7, "column": 23 }
        },
        "loc": {
          "start": { "line": 7, "column": 26 },
          "end": { "line": 34, "column": null }
        },
        "line": 7
      },
      "3": {
        "name": "fetchEvents",
        "decl": {
          "start": { "line": 61, "column": 22 },
          "end": { "line": 61, "column": 33 }
        },
        "loc": {
          "start": { "line": 66, "column": 2 },
          "end": { "line": 122, "column": null }
        },
        "line": 66
      },
      "4": {
        "name": "fetchAggregatedMetrics",
        "decl": {
          "start": { "line": 138, "column": 22 },
          "end": { "line": 138, "column": 44 }
        },
        "loc": {
          "start": { "line": 143, "column": 2 },
          "end": { "line": 178, "column": null }
        },
        "line": 143
      }
    },
    "branchMap": {
      "0": {
        "loc": {
          "start": { "line": 8, "column": 18 },
          "end": { "line": 8, "column": 55 }
        },
        "type": "binary-expr",
        "locations": [
          {
            "start": { "line": 8, "column": 18 },
            "end": { "line": 8, "column": 49 }
          },
          {
            "start": { "line": 8, "column": 53 },
            "end": { "line": 8, "column": 55 }
          }
        ],
        "line": 8
      },
      "1": {
        "loc": {
          "start": { "line": 9, "column": 2 },
          "end": { "line": 9, "column": null }
        },
        "type": "if",
        "locations": [
          {
            "start": { "line": 9, "column": 2 },
            "end": { "line": 9, "column": null }
          },
          { "start": {}, "end": {} }
        ],
        "line": 9
      },
      "2": {
        "loc": {
          "start": { "line": 11, "column": 2 },
          "end": { "line": 24, "column": null }
        },
        "type": "if",
        "locations": [
          {
            "start": { "line": 11, "column": 2 },
            "end": { "line": 24, "column": null }
          },
          { "start": {}, "end": {} }
        ],
        "line": 11
      },
      "3": {
        "loc": {
          "start": { "line": 11, "column": 6 },
          "end": { "line": 11, "column": 69 }
        },
        "type": "binary-expr",
        "locations": [
          {
            "start": { "line": 11, "column": 6 },
            "end": { "line": 11, "column": 35 }
          },
          {
            "start": { "line": 11, "column": 39 },
            "end": { "line": 11, "column": 69 }
          }
        ],
        "line": 11
      },
      "4": {
        "loc": {
          "start": { "line": 15, "column": 6 },
          "end": { "line": 18, "column": null }
        },
        "type": "if",
        "locations": [
          {
            "start": { "line": 15, "column": 6 },
            "end": { "line": 18, "column": null }
          },
          { "start": {}, "end": {} }
        ],
        "line": 15
      },
      "5": {
        "loc": {
          "start": { "line": 15, "column": 10 },
          "end": { "line": 15, "column": 61 }
        },
        "type": "binary-expr",
        "locations": [
          {
            "start": { "line": 15, "column": 10 },
            "end": { "line": 15, "column": 30 }
          },
          {
            "start": { "line": 15, "column": 34 },
            "end": { "line": 15, "column": 61 }
          }
        ],
        "line": 15
      },
      "6": {
        "loc": {
          "start": { "line": 26, "column": 2 },
          "end": { "line": 28, "column": null }
        },
        "type": "if",
        "locations": [
          {
            "start": { "line": 26, "column": 2 },
            "end": { "line": 28, "column": null }
          },
          { "start": {}, "end": {} }
        ],
        "line": 26
      },
      "7": {
        "loc": {
          "start": { "line": 62, "column": 2 },
          "end": { "line": 62, "column": 21 }
        },
        "type": "default-arg",
        "locations": [
          {
            "start": { "line": 62, "column": 15 },
            "end": { "line": 62, "column": 21 }
          }
        ],
        "line": 62
      },
      "8": {
        "loc": {
          "start": { "line": 63, "column": 2 },
          "end": { "line": 63, "column": 12 }
        },
        "type": "default-arg",
        "locations": [
          {
            "start": { "line": 63, "column": 10 },
            "end": { "line": 63, "column": 12 }
          }
        ],
        "line": 63
      },
      "9": {
        "loc": {
          "start": { "line": 64, "column": 2 },
          "end": { "line": 64, "column": 10 }
        },
        "type": "default-arg",
        "locations": [
          {
            "start": { "line": 64, "column": 9 },
            "end": { "line": 64, "column": 10 }
          }
        ],
        "line": 64
      },
      "10": {
        "loc": {
          "start": { "line": 65, "column": 2 },
          "end": { "line": 65, "column": null }
        },
        "type": "default-arg",
        "locations": [
          {
            "start": { "line": 65, "column": 11 },
            "end": { "line": 65, "column": null }
          }
        ],
        "line": 65
      },
      "11": {
        "loc": {
          "start": { "line": 68, "column": 2 },
          "end": { "line": 70, "column": null }
        },
        "type": "if",
        "locations": [
          {
            "start": { "line": 68, "column": 2 },
            "end": { "line": 70, "column": null }
          },
          { "start": {}, "end": {} }
        ],
        "line": 68
      },
      "12": {
        "loc": {
          "start": { "line": 83, "column": 6 },
          "end": { "line": 85, "column": null }
        },
        "type": "if",
        "locations": [
          {
            "start": { "line": 83, "column": 6 },
            "end": { "line": 85, "column": null }
          },
          { "start": {}, "end": {} }
        ],
        "line": 83
      },
      "13": {
        "loc": {
          "start": { "line": 88, "column": 8 },
          "end": { "line": 90, "column": 52 }
        },
        "type": "cond-expr",
        "locations": [
          {
            "start": { "line": 89, "column": 12 },
            "end": { "line": 89, "column": null }
          },
          {
            "start": { "line": 90, "column": 12 },
            "end": { "line": 90, "column": 52 }
          }
        ],
        "line": 88
      },
      "14": {
        "loc": {
          "start": { "line": 88, "column": 8 },
          "end": { "line": 88, "column": null }
        },
        "type": "binary-expr",
        "locations": [
          {
            "start": { "line": 88, "column": 8 },
            "end": { "line": 88, "column": 18 }
          },
          {
            "start": { "line": 88, "column": 22 },
            "end": { "line": 88, "column": null }
          }
        ],
        "line": 88
      },
      "15": {
        "loc": {
          "start": { "line": 94, "column": 6 },
          "end": { "line": 96, "column": null }
        },
        "type": "if",
        "locations": [
          {
            "start": { "line": 94, "column": 6 },
            "end": { "line": 96, "column": null }
          },
          { "start": {}, "end": {} }
        ],
        "line": 94
      },
      "16": {
        "loc": {
          "start": { "line": 100, "column": 6 },
          "end": { "line": 103, "column": null }
        },
        "type": "if",
        "locations": [
          {
            "start": { "line": 100, "column": 6 },
            "end": { "line": 103, "column": null }
          },
          { "start": {}, "end": {} }
        ],
        "line": 100
      },
      "17": {
        "loc": {
          "start": { "line": 111, "column": 6 },
          "end": { "line": 117, "column": null }
        },
        "type": "if",
        "locations": [
          {
            "start": { "line": 111, "column": 6 },
            "end": { "line": 117, "column": null }
          },
          { "start": {}, "end": {} }
        ],
        "line": 111
      },
      "18": {
        "loc": {
          "start": { "line": 155, "column": 6 },
          "end": { "line": 157, "column": null }
        },
        "type": "if",
        "locations": [
          {
            "start": { "line": 155, "column": 6 },
            "end": { "line": 157, "column": null }
          },
          { "start": {}, "end": {} }
        ],
        "line": 155
      },
      "19": {
        "loc": {
          "start": { "line": 160, "column": 13 },
          "end": { "line": 160, "column": 28 }
        },
        "type": "binary-expr",
        "locations": [
          {
            "start": { "line": 160, "column": 13 },
            "end": { "line": 160, "column": 22 }
          },
          {
            "start": { "line": 160, "column": 26 },
            "end": { "line": 160, "column": 28 }
          }
        ],
        "line": 160
      },
      "20": {
        "loc": {
          "start": { "line": 163, "column": 6 },
          "end": { "line": 169, "column": null }
        },
        "type": "if",
        "locations": [
          {
            "start": { "line": 163, "column": 6 },
            "end": { "line": 169, "column": null }
          },
          { "start": {}, "end": {} }
        ],
        "line": 163
      }
    },
    "s": {
      "0": 1,
      "1": 1,
      "2": 6,
      "3": 6,
      "4": 13,
      "5": 13,
      "6": 0,
      "7": 13,
      "8": 13,
      "9": 13,
      "10": 13,
      "11": 0,
      "12": 0,
      "13": 13,
      "14": 0,
      "15": 0,
      "16": 0,
      "17": 0,
      "18": 0,
      "19": 0,
      "20": 5,
      "21": 4,
      "22": 5,
      "23": 5,
      "24": 5,
      "25": 5,
      "26": 5,
      "27": 5,
      "28": 9,
      "29": 9,
      "30": 9,
      "31": 9,
      "32": 0,
      "33": 9,
      "34": 9,
      "35": 3,
      "36": 0,
      "37": 3,
      "38": 6,
      "39": 1,
      "40": 1,
      "41": 5,
      "42": 5,
      "43": 5,
      "44": 1,
      "45": 1,
      "46": 4,
      "47": 2,
      "48": 2,
      "49": 2,
      "50": 2,
      "51": 4,
      "52": 4,
      "53": 4,
      "54": 4,
      "55": 4,
      "56": 1,
      "57": 1,
      "58": 1,
      "59": 3,
      "60": 3,
      "61": 1,
      "62": 1,
      "63": 2,
      "64": 2,
      "65": 0
    },
    "f": { "0": 6, "1": 6, "2": 13, "3": 5, "4": 2 },
    "b": {
      "0": [13, 0],
      "1": [0, 13],
      "2": [13, 0],
      "3": [13, 0],
      "4": [0, 13],
      "5": [13, 0],
      "6": [0, 0],
      "7": [5],
      "8": [5],
      "9": [5],
      "10": [5],
      "11": [4, 1],
      "12": [0, 9],
      "13": [9, 0],
      "14": [9, 9],
      "15": [0, 3],
      "16": [1, 5],
      "17": [1, 4],
      "18": [1, 3],
      "19": [1, 0],
      "20": [1, 2]
    },
    "meta": {
      "lastBranch": 21,
      "lastFunction": 5,
      "lastStatement": 66,
      "seen": {
        "s:3:29:3:33": 0,
        "s:5:14:5:71": 1,
        "f:5:14:5:15": 0,
        "s:5:22:5:71": 2,
        "f:5:34:5:35": 1,
        "s:5:47:5:70": 3,
        "f:7:9:7:23": 2,
        "s:8:18:8:55": 4,
        "b:8:18:8:49:8:53:8:55": 0,
        "b:9:2:9:Infinity:undefined:undefined:undefined:undefined": 1,
        "s:9:2:9:Infinity": 5,
        "s:9:16:9:Infinity": 6,
        "b:11:2:24:Infinity:undefined:undefined:undefined:undefined": 2,
        "s:11:2:24:Infinity": 7,
        "b:11:6:11:35:11:39:11:69": 3,
        "s:12:4:23:Infinity": 8,
        "s:13:21:13:37": 9,
        "b:15:6:18:Infinity:undefined:undefined:undefined:undefined": 4,
        "s:15:6:18:Infinity": 10,
        "b:15:10:15:30:15:34:15:61": 5,
        "s:16:8:16:Infinity": 11,
        "s:17:8:17:Infinity": 12,
        "s:19:6:19:Infinity": 13,
        "s:21:6:21:Infinity": 14,
        "s:22:6:22:Infinity": 15,
        "b:26:2:28:Infinity:undefined:undefined:undefined:undefined": 6,
        "s:26:2:28:Infinity": 16,
        "s:27:4:27:Infinity": 17,
        "s:30:2:32:Infinity": 18,
        "s:33:2:33:Infinity": 19,
        "f:61:22:61:33": 3,
        "b:62:15:62:21": 7,
        "b:63:10:63:12": 8,
        "b:64:9:64:10": 9,
        "b:65:11:65:Infinity": 10,
        "b:68:2:70:Infinity:undefined:undefined:undefined:undefined": 11,
        "s:68:2:70:Infinity": 20,
        "s:69:4:69:Infinity": 21,
        "s:72:2:72:Infinity": 22,
        "s:73:17:73:46": 23,
        "s:75:16:75:17": 24,
        "s:76:22:76:23": 25,
        "s:77:17:77:35": 26,
        "s:79:2:121:Infinity": 27,
        "s:80:4:120:Infinity": 28,
        "s:81:22:81:38": 29,
        "s:82:24:82:70": 30,
        "b:83:6:85:Infinity:undefined:undefined:undefined:undefined": 12,
        "s:83:6:85:Infinity": 31,
        "s:84:8:84:Infinity": 32,
        "s:88:8:90:52": 33,
        "b:89:12:89:Infinity:90:12:90:52": 13,
        "b:88:8:88:18:88:22:88:Infinity": 14,
        "s:92:23:92:51": 34,
        "b:94:6:96:Infinity:undefined:undefined:undefined:undefined": 15,
        "s:94:6:96:Infinity": 35,
        "s:95:8:95:Infinity": 36,
        "s:98:6:98:Infinity": 37,
        "b:100:6:103:Infinity:undefined:undefined:undefined:undefined": 16,
        "s:100:6:103:Infinity": 38,
        "s:101:8:101:Infinity": 39,
        "s:102:8:102:Infinity": 40,
        "s:105:6:108:Infinity": 41,
        "s:110:6:110:Infinity": 42,
        "b:111:6:117:Infinity:undefined:undefined:undefined:undefined": 17,
        "s:111:6:117:Infinity": 43,
        "s:112:8:115:Infinity": 44,
        "s:116:8:116:Infinity": 45,
        "s:119:6:119:Infinity": 46,
        "f:138:22:138:44": 4,
        "s:144:16:144:17": 47,
        "s:145:22:145:23": 48,
        "s:146:17:146:35": 49,
        "s:148:2:176:Infinity": 50,
        "s:149:4:175:Infinity": 51,
        "s:150:22:150:38": 52,
        "s:151:18:151:203": 53,
        "s:153:18:153:34": 54,
        "b:155:6:157:Infinity:undefined:undefined:undefined:undefined": 18,
        "s:155:6:157:Infinity": 55,
        "s:156:8:156:Infinity": 56,
        "s:159:19:159:35": 57,
        "s:160:6:160:Infinity": 58,
        "b:160:13:160:22:160:26:160:28": 19,
        "s:162:6:162:Infinity": 59,
        "b:163:6:169:Infinity:undefined:undefined:undefined:undefined": 20,
        "s:163:6:169:Infinity": 60,
        "s:164:8:167:Infinity": 61,
        "s:168:8:168:Infinity": 62,
        "s:170:6:173:Infinity": 63,
        "s:174:6:174:Infinity": 64,
        "s:177:2:177:Infinity": 65
      },
      "fnNames": {}
    }
  },
  "/Users/nick/Developer/forgejo/lens-frontend/src/state/store.js": {
    "path": "/Users/nick/Developer/forgejo/lens-frontend/src/state/store.js",
    "statementMap": {
      "0": {
        "start": { "line": 1, "column": 20 },
        "end": { "line": 1, "column": 29 }
      },
      "1": {
        "start": { "line": 2, "column": 25 },
        "end": { "line": 2, "column": 52 }
      },
      "2": {
        "start": { "line": 2, "column": 33 },
        "end": { "line": 2, "column": 52 }
      },
      "3": {
        "start": { "line": 3, "column": 27 },
        "end": { "line": 3, "column": 57 }
      },
      "4": {
        "start": { "line": 3, "column": 35 },
        "end": { "line": 3, "column": 57 }
      },
      "5": {
        "start": { "line": 5, "column": 15 },
        "end": { "line": 7, "column": 1 }
      },
      "6": {
        "start": { "line": 6, "column": 2 },
        "end": { "line": 6, "column": null }
      },
      "7": {
        "start": { "line": 6, "column": 30 },
        "end": { "line": 6, "column": 39 }
      },
      "8": {
        "start": { "line": 9, "column": 22 },
        "end": { "line": 9, "column": 27 }
      },
      "9": {
        "start": { "line": 10, "column": 23 },
        "end": { "line": 17, "column": 1 }
      },
      "10": {
        "start": { "line": 11, "column": 2 },
        "end": { "line": 11, "column": null }
      },
      "11": {
        "start": { "line": 11, "column": 23 },
        "end": { "line": 11, "column": null }
      },
      "12": {
        "start": { "line": 12, "column": 2 },
        "end": { "line": 12, "column": null }
      },
      "13": {
        "start": { "line": 13, "column": 2 },
        "end": { "line": 16, "column": null }
      },
      "14": {
        "start": { "line": 14, "column": 4 },
        "end": { "line": 14, "column": null }
      },
      "15": {
        "start": { "line": 15, "column": 4 },
        "end": { "line": 15, "column": null }
      },
      "16": {
        "start": { "line": 47, "column": 21 },
        "end": { "line": 86, "column": 1 }
      },
      "17": {
        "start": { "line": 49, "column": 4 },
        "end": { "line": 57, "column": null }
      },
      "18": {
        "start": { "line": 50, "column": 21 },
        "end": { "line": 50, "column": 50 }
      },
      "19": {
        "start": { "line": 51, "column": 6 },
        "end": { "line": 51, "column": null }
      },
      "20": {
        "start": { "line": 51, "column": 29 },
        "end": { "line": 51, "column": null }
      },
      "21": {
        "start": { "line": 52, "column": 6 },
        "end": { "line": 52, "column": null }
      },
      "22": {
        "start": { "line": 52, "column": 30 },
        "end": { "line": 52, "column": null }
      },
      "23": {
        "start": { "line": 53, "column": 6 },
        "end": { "line": 56, "column": null }
      },
      "24": {
        "start": { "line": 58, "column": 4 },
        "end": { "line": 58, "column": null }
      },
      "25": {
        "start": { "line": 80, "column": 4 },
        "end": { "line": 82, "column": null }
      },
      "26": {
        "start": { "line": 81, "column": 6 },
        "end": { "line": 81, "column": null }
      },
      "27": {
        "start": { "line": 83, "column": 4 },
        "end": { "line": 83, "column": null }
      },
      "28": {
        "start": { "line": 88, "column": 21 },
        "end": { "line": 96, "column": 2 }
      },
      "29": {
        "start": { "line": 90, "column": 4 },
        "end": { "line": 93, "column": null }
      },
      "30": {
        "start": { "line": 91, "column": 6 },
        "end": { "line": 91, "column": null }
      },
      "31": {
        "start": { "line": 92, "column": 6 },
        "end": { "line": 92, "column": null }
      },
      "32": {
        "start": { "line": 94, "column": 4 },
        "end": { "line": 94, "column": null }
      },
      "33": {
        "start": { "line": 98, "column": 23 },
        "end": { "line": 147, "column": 1 }
      },
      "34": {
        "start": { "line": 100, "column": 4 },
        "end": { "line": 100, "column": null }
      },
      "35": {
        "start": { "line": 103, "column": 4 },
        "end": { "line": 103, "column": null }
      },
      "36": {
        "start": { "line": 106, "column": 4 },
        "end": { "line": 106, "column": null }
      },
      "37": {
        "start": { "line": 109, "column": 4 },
        "end": { "line": 109, "column": null }
      },
      "38": {
        "start": { "line": 112, "column": 4 },
        "end": { "line": 112, "column": null }
      },
      "39": {
        "start": { "line": 115, "column": 4 },
        "end": { "line": 115, "column": null }
      },
      "40": {
        "start": { "line": 118, "column": 4 },
        "end": { "line": 118, "column": null }
      },
      "41": {
        "start": { "line": 121, "column": 4 },
        "end": { "line": 121, "column": null }
      },
      "42": {
        "start": { "line": 124, "column": 4 },
        "end": { "line": 124, "column": null }
      },
      "43": {
        "start": { "line": 127, "column": 4 },
        "end": { "line": 127, "column": null }
      },
      "44": {
        "start": { "line": 130, "column": 4 },
        "end": { "line": 130, "column": null }
      },
      "45": {
        "start": { "line": 133, "column": 4 },
        "end": { "line": 133, "column": null }
      },
      "46": {
        "start": { "line": 136, "column": 4 },
        "end": { "line": 136, "column": null }
      },
      "47": {
        "start": { "line": 139, "column": 4 },
        "end": { "line": 139, "column": null }
      },
      "48": {
        "start": { "line": 142, "column": 4 },
        "end": { "line": 142, "column": null }
      },
      "49": {
        "start": { "line": 145, "column": 4 },
        "end": { "line": 145, "column": null }
      }
    },
    "fnMap": {
      "0": {
        "name": "(anonymous_0)",
        "decl": {
          "start": { "line": 2, "column": 25 },
          "end": { "line": 2, "column": 26 }
        },
        "loc": {
          "start": { "line": 2, "column": 33 },
          "end": { "line": 2, "column": 52 }
        },
        "line": 2
      },
      "1": {
        "name": "(anonymous_1)",
        "decl": {
          "start": { "line": 3, "column": 27 },
          "end": { "line": 3, "column": 28 }
        },
        "loc": {
          "start": { "line": 3, "column": 35 },
          "end": { "line": 3, "column": 57 }
        },
        "line": 3
      },
      "2": {
        "name": "(anonymous_2)",
        "decl": {
          "start": { "line": 5, "column": 15 },
          "end": { "line": 5, "column": 16 }
        },
        "loc": {
          "start": { "line": 5, "column": 21 },
          "end": { "line": 7, "column": 1 }
        },
        "line": 5
      },
      "3": {
        "name": "(anonymous_3)",
        "decl": {
          "start": { "line": 6, "column": 22 },
          "end": { "line": 6, "column": 23 }
        },
        "loc": {
          "start": { "line": 6, "column": 30 },
          "end": { "line": 6, "column": 39 }
        },
        "line": 6
      },
      "4": {
        "name": "(anonymous_4)",
        "decl": {
          "start": { "line": 10, "column": 23 },
          "end": { "line": 10, "column": 24 }
        },
        "loc": {
          "start": { "line": 10, "column": 29 },
          "end": { "line": 17, "column": 1 }
        },
        "line": 10
      },
      "5": {
        "name": "(anonymous_5)",
        "decl": {
          "start": { "line": 13, "column": 24 },
          "end": { "line": 13, "column": 25 }
        },
        "loc": {
          "start": { "line": 13, "column": 30 },
          "end": { "line": 16, "column": 3 }
        },
        "line": 13
      },
      "6": {
        "name": "(anonymous_6)",
        "decl": {
          "start": { "line": 48, "column": 15 },
          "end": { "line": 48, "column": 16 }
        },
        "loc": {
          "start": { "line": 48, "column": 21 },
          "end": { "line": 59, "column": 3 }
        },
        "line": 48
      },
      "7": {
        "name": "(anonymous_7)",
        "decl": {
          "start": { "line": 79, "column": 15 },
          "end": { "line": 79, "column": 16 }
        },
        "loc": {
          "start": { "line": 79, "column": 21 },
          "end": { "line": 84, "column": 3 }
        },
        "line": 79
      },
      "8": {
        "name": "set",
        "decl": {
          "start": { "line": 89, "column": 2 },
          "end": { "line": 89, "column": 5 }
        },
        "loc": {
          "start": { "line": 89, "column": 27 },
          "end": { "line": 95, "column": 3 }
        },
        "line": 89
      },
      "9": {
        "name": "(anonymous_9)",
        "decl": {
          "start": { "line": 99, "column": 16 },
          "end": { "line": 99, "column": 17 }
        },
        "loc": {
          "start": { "line": 99, "column": 31 },
          "end": { "line": 101, "column": 3 }
        },
        "line": 99
      },
      "10": {
        "name": "(anonymous_10)",
        "decl": {
          "start": { "line": 102, "column": 17 },
          "end": { "line": 102, "column": 18 }
        },
        "loc": {
          "start": { "line": 102, "column": 29 },
          "end": { "line": 104, "column": 3 }
        },
        "line": 102
      },
      "11": {
        "name": "(anonymous_11)",
        "decl": {
          "start": { "line": 105, "column": 14 },
          "end": { "line": 105, "column": 15 }
        },
        "loc": {
          "start": { "line": 105, "column": 24 },
          "end": { "line": 107, "column": 3 }
        },
        "line": 105
      },
      "12": {
        "name": "(anonymous_12)",
        "decl": {
          "start": { "line": 108, "column": 20 },
          "end": { "line": 108, "column": 21 }
        },
        "loc": {
          "start": { "line": 108, "column": 31 },
          "end": { "line": 110, "column": 3 }
        },
        "line": 108
      },
      "13": {
        "name": "(anonymous_13)",
        "decl": {
          "start": { "line": 111, "column": 18 },
          "end": { "line": 111, "column": 19 }
        },
        "loc": {
          "start": { "line": 111, "column": 28 },
          "end": { "line": 113, "column": 3 }
        },
        "line": 111
      },
      "14": {
        "name": "(anonymous_14)",
        "decl": {
          "start": { "line": 114, "column": 22 },
          "end": { "line": 114, "column": 23 }
        },
        "loc": {
          "start": { "line": 114, "column": 36 },
          "end": { "line": 116, "column": 3 }
        },
        "line": 114
      },
      "15": {
        "name": "(anonymous_15)",
        "decl": {
          "start": { "line": 117, "column": 23 },
          "end": { "line": 117, "column": 24 }
        },
        "loc": {
          "start": { "line": 117, "column": 34 },
          "end": { "line": 119, "column": 3 }
        },
        "line": 117
      },
      "16": {
        "name": "(anonymous_16)",
        "decl": {
          "start": { "line": 120, "column": 18 },
          "end": { "line": 120, "column": 19 }
        },
        "loc": {
          "start": { "line": 120, "column": 29 },
          "end": { "line": 122, "column": 3 }
        },
        "line": 120
      },
      "17": {
        "name": "(anonymous_17)",
        "decl": {
          "start": { "line": 123, "column": 25 },
          "end": { "line": 123, "column": 26 }
        },
        "loc": {
          "start": { "line": 123, "column": 36 },
          "end": { "line": 125, "column": 3 }
        },
        "line": 123
      },
      "18": {
        "name": "(anonymous_18)",
        "decl": {
          "start": { "line": 126, "column": 14 },
          "end": { "line": 126, "column": 15 }
        },
        "loc": {
          "start": { "line": 126, "column": 25 },
          "end": { "line": 128, "column": 3 }
        },
        "line": 126
      },
      "19": {
        "name": "(anonymous_19)",
        "decl": {
          "start": { "line": 129, "column": 12 },
          "end": { "line": 129, "column": 13 }
        },
        "loc": {
          "start": { "line": 129, "column": 24 },
          "end": { "line": 131, "column": 3 }
        },
        "line": 129
      },
      "20": {
        "name": "(anonymous_20)",
        "decl": {
          "start": { "line": 132, "column": 13 },
          "end": { "line": 132, "column": 14 }
        },
        "loc": {
          "start": { "line": 132, "column": 25 },
          "end": { "line": 134, "column": 3 }
        },
        "line": 132
      },
      "21": {
        "name": "(anonymous_21)",
        "decl": {
          "start": { "line": 135, "column": 22 },
          "end": { "line": 135, "column": 23 }
        },
        "loc": {
          "start": { "line": 135, "column": 31 },
          "end": { "line": 137, "column": 3 }
        },
        "line": 135
      },
      "22": {
        "name": "(anonymous_22)",
        "decl": {
          "start": { "line": 138, "column": 22 },
          "end": { "line": 138, "column": 23 }
        },
        "loc": {
          "start": { "line": 138, "column": 31 },
          "end": { "line": 140, "column": 3 }
        },
        "line": 138
      },
      "23": {
        "name": "(anonymous_23)",
        "decl": {
          "start": { "line": 141, "column": 18 },
          "end": { "line": 141, "column": 19 }
        },
        "loc": {
          "start": { "line": 141, "column": 28 },
          "end": { "line": 143, "column": 3 }
        },
        "line": 141
      },
      "24": {
        "name": "(anonymous_24)",
        "decl": {
          "start": { "line": 144, "column": 20 },
          "end": { "line": 144, "column": 21 }
        },
        "loc": {
          "start": { "line": 144, "column": 32 },
          "end": { "line": 146, "column": 3 }
        },
        "line": 144
      }
    },
    "branchMap": {
      "0": {
        "loc": {
          "start": { "line": 11, "column": 2 },
          "end": { "line": 11, "column": null }
        },
        "type": "if",
        "locations": [
          {
            "start": { "line": 11, "column": 2 },
            "end": { "line": 11, "column": null }
          },
          { "start": {}, "end": {} }
        ],
        "line": 11
      },
      "1": {
        "loc": {
          "start": { "line": 49, "column": 4 },
          "end": { "line": 57, "column": null }
        },
        "type": "if",
        "locations": [
          {
            "start": { "line": 49, "column": 4 },
            "end": { "line": 57, "column": null }
          },
          { "start": {}, "end": {} }
        ],
        "line": 49
      },
      "2": {
        "loc": {
          "start": { "line": 51, "column": 6 },
          "end": { "line": 51, "column": null }
        },
        "type": "if",
        "locations": [
          {
            "start": { "line": 51, "column": 6 },
            "end": { "line": 51, "column": null }
          },
          { "start": {}, "end": {} }
        ],
        "line": 51
      },
      "3": {
        "loc": {
          "start": { "line": 52, "column": 6 },
          "end": { "line": 52, "column": null }
        },
        "type": "if",
        "locations": [
          {
            "start": { "line": 52, "column": 6 },
            "end": { "line": 52, "column": null }
          },
          { "start": {}, "end": {} }
        ],
        "line": 52
      },
      "4": {
        "loc": {
          "start": { "line": 54, "column": 8 },
          "end": { "line": 55, "column": null }
        },
        "type": "binary-expr",
        "locations": [
          {
            "start": { "line": 54, "column": 8 },
            "end": { "line": 54, "column": 25 }
          },
          {
            "start": { "line": 55, "column": 8 },
            "end": { "line": 55, "column": null }
          }
        ],
        "line": 54
      },
      "5": {
        "loc": {
          "start": { "line": 61, "column": 4 },
          "end": { "line": 61, "column": 78 }
        },
        "type": "cond-expr",
        "locations": [
          {
            "start": { "line": 61, "column": 36 },
            "end": { "line": 61, "column": 73 }
          },
          {
            "start": { "line": 61, "column": 76 },
            "end": { "line": 61, "column": 78 }
          }
        ],
        "line": 61
      },
      "6": {
        "loc": {
          "start": { "line": 61, "column": 36 },
          "end": { "line": 61, "column": 73 }
        },
        "type": "binary-expr",
        "locations": [
          {
            "start": { "line": 61, "column": 36 },
            "end": { "line": 61, "column": 67 }
          },
          {
            "start": { "line": 61, "column": 71 },
            "end": { "line": 61, "column": 73 }
          }
        ],
        "line": 61
      },
      "7": {
        "loc": {
          "start": { "line": 80, "column": 4 },
          "end": { "line": 82, "column": null }
        },
        "type": "if",
        "locations": [
          {
            "start": { "line": 80, "column": 4 },
            "end": { "line": 82, "column": null }
          },
          { "start": {}, "end": {} }
        ],
        "line": 80
      },
      "8": {
        "loc": {
          "start": { "line": 81, "column": 13 },
          "end": { "line": 81, "column": 65 }
        },
        "type": "binary-expr",
        "locations": [
          {
            "start": { "line": 81, "column": 13 },
            "end": { "line": 81, "column": 54 }
          },
          {
            "start": { "line": 81, "column": 58 },
            "end": { "line": 81, "column": 65 }
          }
        ],
        "line": 81
      },
      "9": {
        "loc": {
          "start": { "line": 90, "column": 4 },
          "end": { "line": 93, "column": null }
        },
        "type": "if",
        "locations": [
          {
            "start": { "line": 90, "column": 4 },
            "end": { "line": 93, "column": null }
          },
          { "start": {}, "end": {} }
        ],
        "line": 90
      }
    },
    "s": {
      "0": 2,
      "1": 2,
      "2": 3,
      "3": 2,
      "4": 3,
      "5": 2,
      "6": 3,
      "7": 2,
      "8": 2,
      "9": 2,
      "10": 15,
      "11": 12,
      "12": 3,
      "13": 3,
      "14": 3,
      "15": 3,
      "16": 2,
      "17": 2,
      "18": 2,
      "19": 2,
      "20": 0,
      "21": 2,
      "22": 0,
      "23": 2,
      "24": 0,
      "25": 2,
      "26": 2,
      "27": 0,
      "28": 2,
      "29": 49,
      "30": 15,
      "31": 15,
      "32": 49,
      "33": 2,
      "34": 0,
      "35": 1,
      "36": 1,
      "37": 0,
      "38": 1,
      "39": 0,
      "40": 0,
      "41": 1,
      "42": 0,
      "43": 0,
      "44": 0,
      "45": 0,
      "46": 0,
      "47": 0,
      "48": 0,
      "49": 0
    },
    "f": {
      "0": 3,
      "1": 3,
      "2": 3,
      "3": 2,
      "4": 15,
      "5": 3,
      "6": 2,
      "7": 2,
      "8": 49,
      "9": 0,
      "10": 1,
      "11": 1,
      "12": 0,
      "13": 1,
      "14": 0,
      "15": 0,
      "16": 1,
      "17": 0,
      "18": 0,
      "19": 0,
      "20": 0,
      "21": 0,
      "22": 0,
      "23": 0,
      "24": 0
    },
    "b": {
      "0": [12, 3],
      "1": [2, 0],
      "2": [0, 2],
      "3": [0, 2],
      "4": [2, 2],
      "5": [2, 0],
      "6": [2, 2],
      "7": [2, 0],
      "8": [2, 2],
      "9": [15, 34]
    },
    "meta": {
      "lastBranch": 10,
      "lastFunction": 25,
      "lastStatement": 50,
      "seen": {
        "s:1:20:1:29": 0,
        "s:2:25:2:52": 1,
        "f:2:25:2:26": 0,
        "s:2:33:2:52": 2,
        "s:3:27:3:57": 3,
        "f:3:27:3:28": 1,
        "s:3:35:3:57": 4,
        "s:5:15:7:1": 5,
        "f:5:15:5:16": 2,
        "s:6:2:6:Infinity": 6,
        "f:6:22:6:23": 3,
        "s:6:30:6:39": 7,
        "s:9:22:9:27": 8,
        "s:10:23:17:1": 9,
        "f:10:23:10:24": 4,
        "b:11:2:11:Infinity:undefined:undefined:undefined:undefined": 0,
        "s:11:2:11:Infinity": 10,
        "s:11:23:11:Infinity": 11,
        "s:12:2:12:Infinity": 12,
        "s:13:2:16:Infinity": 13,
        "f:13:24:13:25": 5,
        "s:14:4:14:Infinity": 14,
        "s:15:4:15:Infinity": 15,
        "s:47:21:86:1": 16,
        "f:48:15:48:16": 6,
        "b:49:4:57:Infinity:undefined:undefined:undefined:undefined": 1,
        "s:49:4:57:Infinity": 17,
        "s:50:21:50:50": 18,
        "b:51:6:51:Infinity:undefined:undefined:undefined:undefined": 2,
        "s:51:6:51:Infinity": 19,
        "s:51:29:51:Infinity": 20,
        "b:52:6:52:Infinity:undefined:undefined:undefined:undefined": 3,
        "s:52:6:52:Infinity": 21,
        "s:52:30:52:Infinity": 22,
        "s:53:6:56:Infinity": 23,
        "b:54:8:54:25:55:8:55:Infinity": 4,
        "s:58:4:58:Infinity": 24,
        "b:61:36:61:73:61:76:61:78": 5,
        "b:61:36:61:67:61:71:61:73": 6,
        "f:79:15:79:16": 7,
        "b:80:4:82:Infinity:undefined:undefined:undefined:undefined": 7,
        "s:80:4:82:Infinity": 25,
        "s:81:6:81:Infinity": 26,
        "b:81:13:81:54:81:58:81:65": 8,
        "s:83:4:83:Infinity": 27,
        "s:88:21:96:2": 28,
        "f:89:2:89:5": 8,
        "b:90:4:93:Infinity:undefined:undefined:undefined:undefined": 9,
        "s:90:4:93:Infinity": 29,
        "s:91:6:91:Infinity": 30,
        "s:92:6:92:Infinity": 31,
        "s:94:4:94:Infinity": 32,
        "s:98:23:147:1": 33,
        "f:99:16:99:17": 9,
        "s:100:4:100:Infinity": 34,
        "f:102:17:102:18": 10,
        "s:103:4:103:Infinity": 35,
        "f:105:14:105:15": 11,
        "s:106:4:106:Infinity": 36,
        "f:108:20:108:21": 12,
        "s:109:4:109:Infinity": 37,
        "f:111:18:111:19": 13,
        "s:112:4:112:Infinity": 38,
        "f:114:22:114:23": 14,
        "s:115:4:115:Infinity": 39,
        "f:117:23:117:24": 15,
        "s:118:4:118:Infinity": 40,
        "f:120:18:120:19": 16,
        "s:121:4:121:Infinity": 41,
        "f:123:25:123:26": 17,
        "s:124:4:124:Infinity": 42,
        "f:126:14:126:15": 18,
        "s:127:4:127:Infinity": 43,
        "f:129:12:129:13": 19,
        "s:130:4:130:Infinity": 44,
        "f:132:13:132:14": 20,
        "s:133:4:133:Infinity": 45,
        "f:135:22:135:23": 21,
        "s:136:4:136:Infinity": 46,
        "f:138:22:138:23": 22,
        "s:139:4:139:Infinity": 47,
        "f:141:18:141:19": 23,
        "s:142:4:142:Infinity": 48,
        "f:144:20:144:21": 24,
        "s:145:4:145:Infinity": 49
      },
      "fnNames": {}
    }
  },
  "/Users/nick/Developer/forgejo/lens-frontend/src/styles/components.css": {
    "path": "/Users/nick/Developer/forgejo/lens-frontend/src/styles/components.css",
    "statementMap": {},
    "fnMap": {},
    "branchMap": {},
    "s": {},
    "f": {},
    "b": {},
    "meta": {
      "lastBranch": 0,
      "lastFunction": 0,
      "lastStatement": 0,
      "seen": {},
      "fnNames": {}
    }
  },
  "/Users/nick/Developer/forgejo/lens-frontend/src/ui/theme.js": {
    "path": "/Users/nick/Developer/forgejo/lens-frontend/src/ui/theme.js",
    "statementMap": {
      "0": {
        "start": { "line": 4, "column": 2 },
        "end": { "line": 8, "column": null }
      },
      "1": {
        "start": { "line": 5, "column": 4 },
        "end": { "line": 5, "column": null }
      },
      "2": {
        "start": { "line": 7, "column": 4 },
        "end": { "line": 7, "column": null }
      },
      "3": {
        "start": { "line": 12, "column": 2 },
        "end": { "line": 12, "column": null }
      },
      "4": {
        "start": { "line": 15, "column": 14 },
        "end": { "line": 17, "column": 3 }
      },
      "5": {
        "start": { "line": 18, "column": 2 },
        "end": { "line": 18, "column": null }
      },
      "6": {
        "start": { "line": 21, "column": 2 },
        "end": { "line": 21, "column": null }
      },
      "7": {
        "start": { "line": 24, "column": 2 },
        "end": { "line": 24, "column": null }
      },
      "8": {
        "start": { "line": 27, "column": 2 },
        "end": { "line": 27, "column": null }
      },
      "9": {
        "start": { "line": 31, "column": 2 },
        "end": { "line": 35, "column": null }
      }
    },
    "fnMap": {
      "0": {
        "name": "applyTheme",
        "decl": {
          "start": { "line": 3, "column": 16 },
          "end": { "line": 3, "column": 26 }
        },
        "loc": {
          "start": { "line": 3, "column": 33 },
          "end": { "line": 9, "column": null }
        },
        "line": 3
      },
      "1": {
        "name": "getNeutralLine",
        "decl": {
          "start": { "line": 11, "column": 16 },
          "end": { "line": 11, "column": 30 }
        },
        "loc": {
          "start": { "line": 11, "column": 33 },
          "end": { "line": 13, "column": null }
        },
        "line": 11
      },
      "2": {
        "name": "getActiveSingleLine",
        "decl": {
          "start": { "line": 14, "column": 16 },
          "end": { "line": 14, "column": 35 }
        },
        "loc": {
          "start": { "line": 14, "column": 38 },
          "end": { "line": 19, "column": null }
        },
        "line": 14
      },
      "3": {
        "name": "getFadedLine",
        "decl": {
          "start": { "line": 20, "column": 16 },
          "end": { "line": 20, "column": 28 }
        },
        "loc": {
          "start": { "line": 20, "column": 31 },
          "end": { "line": 22, "column": null }
        },
        "line": 20
      },
      "4": {
        "name": "getGridLine",
        "decl": {
          "start": { "line": 23, "column": 16 },
          "end": { "line": 23, "column": 27 }
        },
        "loc": {
          "start": { "line": 23, "column": 30 },
          "end": { "line": 25, "column": null }
        },
        "line": 23
      },
      "5": {
        "name": "getTextColor",
        "decl": {
          "start": { "line": 26, "column": 16 },
          "end": { "line": 26, "column": 28 }
        },
        "loc": {
          "start": { "line": 26, "column": 31 },
          "end": { "line": 28, "column": null }
        },
        "line": 26
      },
      "6": {
        "name": "getAccentColor",
        "decl": {
          "start": { "line": 30, "column": 16 },
          "end": { "line": 30, "column": 30 }
        },
        "loc": {
          "start": { "line": 30, "column": 38 },
          "end": { "line": 36, "column": null }
        },
        "line": 30
      }
    },
    "branchMap": {
      "0": {
        "loc": {
          "start": { "line": 4, "column": 2 },
          "end": { "line": 8, "column": null }
        },
        "type": "if",
        "locations": [
          {
            "start": { "line": 4, "column": 2 },
            "end": { "line": 8, "column": null }
          },
          {
            "start": { "line": 6, "column": 9 },
            "end": { "line": 8, "column": null }
          }
        ],
        "line": 4
      },
      "1": {
        "loc": {
          "start": { "line": 12, "column": 9 },
          "end": { "line": 12, "column": 49 }
        },
        "type": "cond-expr",
        "locations": [
          {
            "start": { "line": 12, "column": 28 },
            "end": { "line": 12, "column": 37 }
          },
          {
            "start": { "line": 12, "column": 40 },
            "end": { "line": 12, "column": 49 }
          }
        ],
        "line": 12
      },
      "2": {
        "loc": {
          "start": { "line": 18, "column": 9 },
          "end": { "line": 18, "column": 56 }
        },
        "type": "binary-expr",
        "locations": [
          {
            "start": { "line": 18, "column": 10 },
            "end": { "line": 18, "column": 42 }
          },
          {
            "start": { "line": 18, "column": 47 },
            "end": { "line": 18, "column": 56 }
          }
        ],
        "line": 18
      },
      "3": {
        "loc": {
          "start": { "line": 18, "column": 10 },
          "end": { "line": 18, "column": 42 }
        },
        "type": "cond-expr",
        "locations": [
          {
            "start": { "line": 18, "column": 16 },
            "end": { "line": 18, "column": 37 }
          },
          {
            "start": { "line": 18, "column": 40 },
            "end": { "line": 18, "column": 42 }
          }
        ],
        "line": 18
      },
      "4": {
        "loc": {
          "start": { "line": 21, "column": 9 },
          "end": { "line": 21, "column": 49 }
        },
        "type": "cond-expr",
        "locations": [
          {
            "start": { "line": 21, "column": 28 },
            "end": { "line": 21, "column": 37 }
          },
          {
            "start": { "line": 21, "column": 40 },
            "end": { "line": 21, "column": 49 }
          }
        ],
        "line": 21
      },
      "5": {
        "loc": {
          "start": { "line": 24, "column": 9 },
          "end": { "line": 24, "column": 49 }
        },
        "type": "cond-expr",
        "locations": [
          {
            "start": { "line": 24, "column": 28 },
            "end": { "line": 24, "column": 37 }
          },
          {
            "start": { "line": 24, "column": 40 },
            "end": { "line": 24, "column": 49 }
          }
        ],
        "line": 24
      },
      "6": {
        "loc": {
          "start": { "line": 27, "column": 9 },
          "end": { "line": 27, "column": 49 }
        },
        "type": "cond-expr",
        "locations": [
          {
            "start": { "line": 27, "column": 28 },
            "end": { "line": 27, "column": 37 }
          },
          {
            "start": { "line": 27, "column": 40 },
            "end": { "line": 27, "column": 49 }
          }
        ],
        "line": 27
      },
      "7": {
        "loc": {
          "start": { "line": 32, "column": 4 },
          "end": { "line": 34, "column": null }
        },
        "type": "binary-expr",
        "locations": [
          {
            "start": { "line": 32, "column": 4 },
            "end": { "line": 34, "column": 13 }
          },
          {
            "start": { "line": 34, "column": 17 },
            "end": { "line": 34, "column": null }
          }
        ],
        "line": 32
      }
    },
    "s": {
      "0": 2,
      "1": 1,
      "2": 1,
      "3": 2,
      "4": 1,
      "5": 1,
      "6": 2,
      "7": 2,
      "8": 2,
      "9": 4
    },
    "f": { "0": 2, "1": 2, "2": 1, "3": 2, "4": 2, "5": 2, "6": 4 },
    "b": {
      "0": [1, 1],
      "1": [1, 1],
      "2": [1, 0],
      "3": [1, 0],
      "4": [1, 1],
      "5": [1, 1],
      "6": [1, 1],
      "7": [4, 3]
    },
    "meta": {
      "lastBranch": 8,
      "lastFunction": 7,
      "lastStatement": 10,
      "seen": {
        "f:3:16:3:26": 0,
        "b:4:2:8:Infinity:6:9:8:Infinity": 0,
        "s:4:2:8:Infinity": 0,
        "s:5:4:5:Infinity": 1,
        "s:7:4:7:Infinity": 2,
        "f:11:16:11:30": 1,
        "s:12:2:12:Infinity": 3,
        "b:12:28:12:37:12:40:12:49": 1,
        "f:14:16:14:35": 2,
        "s:15:14:17:3": 4,
        "s:18:2:18:Infinity": 5,
        "b:18:10:18:42:18:47:18:56": 2,
        "b:18:16:18:37:18:40:18:42": 3,
        "f:20:16:20:28": 3,
        "s:21:2:21:Infinity": 6,
        "b:21:28:21:37:21:40:21:49": 4,
        "f:23:16:23:27": 4,
        "s:24:2:24:Infinity": 7,
        "b:24:28:24:37:24:40:24:49": 5,
        "f:26:16:26:28": 5,
        "s:27:2:27:Infinity": 8,
        "b:27:28:27:37:27:40:27:49": 6,
        "f:30:16:30:30": 6,
        "s:31:2:35:Infinity": 9,
        "b:32:4:34:13:34:17:34:Infinity": 7
      },
      "fnNames": {}
    }
  },
  "/Users/nick/Developer/forgejo/lens-frontend/src/ui/components/artifact-trace.js": {
    "path": "/Users/nick/Developer/forgejo/lens-frontend/src/ui/components/artifact-trace.js",
    "statementMap": {
      "0": {
        "start": { "line": 9, "column": 4 },
        "end": { "line": 13, "column": null }
      },
      "1": {
        "start": { "line": 17, "column": 4 },
        "end": { "line": 246, "column": null }
      },
      "2": {
        "start": { "line": 250, "column": 4 },
        "end": { "line": 250, "column": null }
      },
      "3": {
        "start": { "line": 251, "column": 4 },
        "end": { "line": 251, "column": null }
      },
      "4": {
        "start": { "line": 252, "column": 4 },
        "end": { "line": 252, "column": null }
      },
      "5": {
        "start": { "line": 253, "column": 4 },
        "end": { "line": 253, "column": null }
      },
      "6": {
        "start": { "line": 257, "column": 4 },
        "end": { "line": 257, "column": null }
      },
      "7": {
        "start": { "line": 257, "column": 27 },
        "end": { "line": 257, "column": null }
      },
      "8": {
        "start": { "line": 258, "column": 4 },
        "end": { "line": 265, "column": null }
      },
      "9": {
        "start": { "line": 261, "column": 10 },
        "end": { "line": 263, "column": null }
      },
      "10": {
        "start": { "line": 265, "column": 22 },
        "end": { "line": 265, "column": 67 }
      },
      "11": {
        "start": { "line": 269, "column": 4 },
        "end": { "line": 269, "column": null }
      },
      "12": {
        "start": { "line": 273, "column": 19 },
        "end": { "line": 273, "column": 21 }
      },
      "13": {
        "start": { "line": 274, "column": 4 },
        "end": { "line": 315, "column": null }
      },
      "14": {
        "start": { "line": 275, "column": 24 },
        "end": { "line": 275, "column": 54 }
      },
      "15": {
        "start": { "line": 276, "column": 23 },
        "end": { "line": 276, "column": 70 }
      },
      "16": {
        "start": { "line": 277, "column": 24 },
        "end": { "line": 277, "column": 44 }
      },
      "17": {
        "start": { "line": 278, "column": 23 },
        "end": { "line": 278, "column": 51 }
      },
      "18": {
        "start": { "line": 279, "column": 19 },
        "end": { "line": 279, "column": 47 }
      },
      "19": {
        "start": { "line": 280, "column": 20 },
        "end": { "line": 280, "column": 57 }
      },
      "20": {
        "start": { "line": 281, "column": 19 },
        "end": { "line": 281, "column": 53 }
      },
      "21": {
        "start": { "line": 283, "column": 18 },
        "end": { "line": 283, "column": 20 }
      },
      "22": {
        "start": { "line": 284, "column": 6 },
        "end": { "line": 284, "column": null }
      },
      "23": {
        "start": { "line": 284, "column": 20 },
        "end": { "line": 284, "column": null }
      },
      "24": {
        "start": { "line": 285, "column": 6 },
        "end": { "line": 285, "column": null }
      },
      "25": {
        "start": { "line": 285, "column": 21 },
        "end": { "line": 285, "column": null }
      },
      "26": {
        "start": { "line": 286, "column": 6 },
        "end": { "line": 286, "column": null }
      },
      "27": {
        "start": { "line": 286, "column": 20 },
        "end": { "line": 286, "column": null }
      },
      "28": {
        "start": { "line": 287, "column": 6 },
        "end": { "line": 287, "column": null }
      },
      "29": {
        "start": { "line": 287, "column": 30 },
        "end": { "line": 287, "column": null }
      },
      "30": {
        "start": { "line": 288, "column": 22 },
        "end": { "line": 288, "column": 37 }
      },
      "31": {
        "start": { "line": 290, "column": 6 },
        "end": { "line": 314, "column": null }
      },
      "32": {
        "start": { "line": 317, "column": 4 },
        "end": { "line": 339, "column": null }
      },
      "33": {
        "start": { "line": 343, "column": 4 },
        "end": { "line": 343, "column": null }
      },
      "34": {
        "start": { "line": 343, "column": 30 },
        "end": { "line": 343, "column": null }
      },
      "35": {
        "start": { "line": 345, "column": 16 },
        "end": { "line": 345, "column": 31 }
      },
      "36": {
        "start": { "line": 346, "column": 15 },
        "end": { "line": 346, "column": 46 }
      },
      "37": {
        "start": { "line": 348, "column": 4 },
        "end": { "line": 368, "column": null }
      },
      "38": {
        "start": { "line": 349, "column": 20 },
        "end": { "line": 349, "column": 50 }
      },
      "39": {
        "start": { "line": 350, "column": 6 },
        "end": { "line": 350, "column": null }
      },
      "40": {
        "start": { "line": 352, "column": 6 },
        "end": { "line": 367, "column": null }
      },
      "41": {
        "start": { "line": 370, "column": 4 },
        "end": { "line": 377, "column": null }
      },
      "42": {
        "start": { "line": 381, "column": 20 },
        "end": { "line": 381, "column": 32 }
      },
      "43": {
        "start": { "line": 383, "column": 4 },
        "end": { "line": 393, "column": null }
      },
      "44": {
        "start": { "line": 384, "column": 6 },
        "end": { "line": 392, "column": null }
      },
      "45": {
        "start": { "line": 395, "column": 23 },
        "end": { "line": 438, "column": 6 }
      },
      "46": {
        "start": { "line": 396, "column": 20 },
        "end": { "line": 396, "column": 61 }
      },
      "47": {
        "start": { "line": 397, "column": 21 },
        "end": { "line": 397, "column": 49 }
      },
      "48": {
        "start": { "line": 398, "column": 23 },
        "end": { "line": 398, "column": 33 }
      },
      "49": {
        "start": { "line": 399, "column": 25 },
        "end": { "line": 399, "column": 50 }
      },
      "50": {
        "start": { "line": 400, "column": 21 },
        "end": { "line": 400, "column": 49 }
      },
      "51": {
        "start": { "line": 401, "column": 23 },
        "end": { "line": 401, "column": 54 }
      },
      "52": {
        "start": { "line": 403, "column": 6 },
        "end": { "line": 437, "column": null }
      },
      "53": {
        "start": { "line": 419, "column": 27 },
        "end": { "line": 419, "column": 54 }
      },
      "54": {
        "start": { "line": 421, "column": 14 },
        "end": { "line": 424, "column": null }
      },
      "55": {
        "start": { "line": 422, "column": 16 },
        "end": { "line": 422, "column": null }
      },
      "56": {
        "start": { "line": 423, "column": 16 },
        "end": { "line": 423, "column": null }
      },
      "57": {
        "start": { "line": 440, "column": 4 },
        "end": { "line": 451, "column": null }
      },
      "58": {
        "start": { "line": 454, "column": 0 },
        "end": { "line": 454, "column": null }
      }
    },
    "fnMap": {
      "0": {
        "name": "properties",
        "decl": {
          "start": { "line": 8, "column": 13 },
          "end": { "line": 8, "column": 23 }
        },
        "loc": {
          "start": { "line": 8, "column": 26 },
          "end": { "line": 14, "column": null }
        },
        "line": 8
      },
      "1": {
        "name": "styles",
        "decl": {
          "start": { "line": 16, "column": 13 },
          "end": { "line": 16, "column": 19 }
        },
        "loc": {
          "start": { "line": 16, "column": 22 },
          "end": { "line": 247, "column": null }
        },
        "line": 16
      },
      "2": {
        "name": "constructor",
        "decl": {
          "start": { "line": 249, "column": 2 },
          "end": { "line": 249, "column": 13 }
        },
        "loc": {
          "start": { "line": 249, "column": 16 },
          "end": { "line": 254, "column": null }
        },
        "line": 249
      },
      "3": {
        "name": "matches",
        "decl": {
          "start": { "line": 256, "column": 6 },
          "end": { "line": 256, "column": 13 }
        },
        "loc": {
          "start": { "line": 256, "column": 16 },
          "end": { "line": 266, "column": null }
        },
        "line": 256
      },
      "4": {
        "name": "(anonymous_4)",
        "decl": {
          "start": { "line": 260, "column": 8 },
          "end": { "line": 260, "column": 9 }
        },
        "loc": {
          "start": { "line": 261, "column": 10 },
          "end": { "line": 263, "column": null }
        },
        "line": 261
      },
      "5": {
        "name": "(anonymous_5)",
        "decl": {
          "start": { "line": 265, "column": 12 },
          "end": { "line": 265, "column": 13 }
        },
        "loc": {
          "start": { "line": 265, "column": 22 },
          "end": { "line": 265, "column": 67 }
        },
        "line": 265
      },
      "6": {
        "name": "handleNodeClick",
        "decl": {
          "start": { "line": 268, "column": 2 },
          "end": { "line": 268, "column": 17 }
        },
        "loc": {
          "start": { "line": 268, "column": 25 },
          "end": { "line": 270, "column": null }
        },
        "line": 268
      },
      "7": {
        "name": "getEmptyPanelHtml",
        "decl": {
          "start": { "line": 272, "column": 2 },
          "end": { "line": 272, "column": 19 }
        },
        "loc": {
          "start": { "line": 272, "column": 29 },
          "end": { "line": 340, "column": null }
        },
        "line": 272
      },
      "8": {
        "name": "renderDetailsPanel",
        "decl": {
          "start": { "line": 342, "column": 2 },
          "end": { "line": 342, "column": 20 }
        },
        "loc": {
          "start": { "line": 342, "column": 30 },
          "end": { "line": 378, "column": null }
        },
        "line": 342
      },
      "9": {
        "name": "render",
        "decl": {
          "start": { "line": 380, "column": 2 },
          "end": { "line": 380, "column": 8 }
        },
        "loc": {
          "start": { "line": 380, "column": 11 },
          "end": { "line": 452, "column": null }
        },
        "line": 380
      },
      "10": {
        "name": "(anonymous_10)",
        "decl": {
          "start": { "line": 395, "column": 35 },
          "end": { "line": 395, "column": 36 }
        },
        "loc": {
          "start": { "line": 395, "column": 53 },
          "end": { "line": 438, "column": 5 }
        },
        "line": 395
      },
      "11": {
        "name": "(anonymous_11)",
        "decl": {
          "start": { "line": 419, "column": 21 },
          "end": { "line": 419, "column": 22 }
        },
        "loc": {
          "start": { "line": 419, "column": 27 },
          "end": { "line": 419, "column": 54 }
        },
        "line": 419
      },
      "12": {
        "name": "(anonymous_12)",
        "decl": {
          "start": { "line": 420, "column": 23 },
          "end": { "line": 420, "column": 24 }
        },
        "loc": {
          "start": { "line": 420, "column": 30 },
          "end": { "line": 425, "column": 13 }
        },
        "line": 420
      }
    },
    "branchMap": {
      "0": {
        "loc": {
          "start": { "line": 257, "column": 4 },
          "end": { "line": 257, "column": null }
        },
        "type": "if",
        "locations": [
          {
            "start": { "line": 257, "column": 4 },
            "end": { "line": 257, "column": null }
          },
          { "start": {}, "end": {} }
        ],
        "line": 257
      },
      "1": {
        "loc": {
          "start": { "line": 261, "column": 10 },
          "end": { "line": 263, "column": null }
        },
        "type": "binary-expr",
        "locations": [
          {
            "start": { "line": 261, "column": 10 },
            "end": { "line": 261, "column": 20 }
          },
          {
            "start": { "line": 262, "column": 10 },
            "end": { "line": 262, "column": 51 }
          },
          {
            "start": { "line": 263, "column": 10 },
            "end": { "line": 263, "column": null }
          }
        ],
        "line": 261
      },
      "2": {
        "loc": {
          "start": { "line": 274, "column": 4 },
          "end": { "line": 315, "column": null }
        },
        "type": "if",
        "locations": [
          {
            "start": { "line": 274, "column": 4 },
            "end": { "line": 315, "column": null }
          },
          { "start": {}, "end": {} }
        ],
        "line": 274
      },
      "3": {
        "loc": {
          "start": { "line": 274, "column": 8 },
          "end": { "line": 274, "column": 37 }
        },
        "type": "binary-expr",
        "locations": [
          {
            "start": { "line": 274, "column": 8 },
            "end": { "line": 274, "column": 15 }
          },
          {
            "start": { "line": 274, "column": 19 },
            "end": { "line": 274, "column": 37 }
          }
        ],
        "line": 274
      },
      "4": {
        "loc": {
          "start": { "line": 284, "column": 6 },
          "end": { "line": 284, "column": null }
        },
        "type": "if",
        "locations": [
          {
            "start": { "line": 284, "column": 6 },
            "end": { "line": 284, "column": null }
          },
          { "start": {}, "end": {} }
        ],
        "line": 284
      },
      "5": {
        "loc": {
          "start": { "line": 285, "column": 6 },
          "end": { "line": 285, "column": null }
        },
        "type": "if",
        "locations": [
          {
            "start": { "line": 285, "column": 6 },
            "end": { "line": 285, "column": null }
          },
          { "start": {}, "end": {} }
        ],
        "line": 285
      },
      "6": {
        "loc": {
          "start": { "line": 286, "column": 6 },
          "end": { "line": 286, "column": null }
        },
        "type": "if",
        "locations": [
          {
            "start": { "line": 286, "column": 6 },
            "end": { "line": 286, "column": null }
          },
          { "start": {}, "end": {} }
        ],
        "line": 286
      },
      "7": {
        "loc": {
          "start": { "line": 287, "column": 6 },
          "end": { "line": 287, "column": null }
        },
        "type": "if",
        "locations": [
          {
            "start": { "line": 287, "column": 6 },
            "end": { "line": 287, "column": null }
          },
          { "start": {}, "end": {} }
        ],
        "line": 287
      },
      "8": {
        "loc": {
          "start": { "line": 343, "column": 4 },
          "end": { "line": 343, "column": null }
        },
        "type": "if",
        "locations": [
          {
            "start": { "line": 343, "column": 4 },
            "end": { "line": 343, "column": null }
          },
          { "start": {}, "end": {} }
        ],
        "line": 343
      },
      "9": {
        "loc": {
          "start": { "line": 348, "column": 4 },
          "end": { "line": 368, "column": null }
        },
        "type": "if",
        "locations": [
          {
            "start": { "line": 348, "column": 4 },
            "end": { "line": 368, "column": null }
          },
          { "start": {}, "end": {} }
        ],
        "line": 348
      },
      "10": {
        "loc": {
          "start": { "line": 348, "column": 8 },
          "end": { "line": 348, "column": 72 }
        },
        "type": "binary-expr",
        "locations": [
          {
            "start": { "line": 348, "column": 8 },
            "end": { "line": 348, "column": 38 }
          },
          {
            "start": { "line": 348, "column": 42 },
            "end": { "line": 348, "column": 72 }
          }
        ],
        "line": 348
      },
      "11": {
        "loc": {
          "start": { "line": 350, "column": 38 },
          "end": { "line": 350, "column": 71 }
        },
        "type": "binary-expr",
        "locations": [
          {
            "start": { "line": 350, "column": 38 },
            "end": { "line": 350, "column": 57 }
          },
          {
            "start": { "line": 350, "column": 61 },
            "end": { "line": 350, "column": 71 }
          }
        ],
        "line": 350
      },
      "12": {
        "loc": {
          "start": { "line": 383, "column": 4 },
          "end": { "line": 393, "column": null }
        },
        "type": "if",
        "locations": [
          {
            "start": { "line": 383, "column": 4 },
            "end": { "line": 393, "column": null }
          },
          { "start": {}, "end": {} }
        ],
        "line": 383
      },
      "13": {
        "loc": {
          "start": { "line": 396, "column": 20 },
          "end": { "line": 396, "column": 61 }
        },
        "type": "binary-expr",
        "locations": [
          {
            "start": { "line": 396, "column": 20 },
            "end": { "line": 396, "column": 39 }
          },
          {
            "start": { "line": 396, "column": 43 },
            "end": { "line": 396, "column": 61 }
          }
        ],
        "line": 396
      },
      "14": {
        "loc": {
          "start": { "line": 411, "column": 14 },
          "end": { "line": 411, "column": 74 }
        },
        "type": "cond-expr",
        "locations": [
          {
            "start": { "line": 411, "column": 24 },
            "end": { "line": 411, "column": 69 }
          },
          {
            "start": { "line": 411, "column": 72 },
            "end": { "line": 411, "column": 74 }
          }
        ],
        "line": 411
      },
      "15": {
        "loc": {
          "start": { "line": 414, "column": 32 },
          "end": { "line": 414, "column": 61 }
        },
        "type": "cond-expr",
        "locations": [
          {
            "start": { "line": 414, "column": 43 },
            "end": { "line": 414, "column": 56 }
          },
          {
            "start": { "line": 414, "column": 59 },
            "end": { "line": 414, "column": 61 }
          }
        ],
        "line": 414
      },
      "16": {
        "loc": {
          "start": { "line": 421, "column": 14 },
          "end": { "line": 424, "column": null }
        },
        "type": "if",
        "locations": [
          {
            "start": { "line": 421, "column": 14 },
            "end": { "line": 424, "column": null }
          },
          { "start": {}, "end": {} }
        ],
        "line": 421
      },
      "17": {
        "loc": {
          "start": { "line": 421, "column": 18 },
          "end": { "line": 421, "column": 52 }
        },
        "type": "binary-expr",
        "locations": [
          {
            "start": { "line": 421, "column": 18 },
            "end": { "line": 421, "column": 35 }
          },
          {
            "start": { "line": 421, "column": 39 },
            "end": { "line": 421, "column": 52 }
          }
        ],
        "line": 421
      }
    },
    "s": {
      "0": 1,
      "1": 1,
      "2": 2,
      "3": 2,
      "4": 2,
      "5": 2,
      "6": 2,
      "7": 0,
      "8": 2,
      "9": 3,
      "10": 1,
      "11": 0,
      "12": 1,
      "13": 1,
      "14": 1,
      "15": 1,
      "16": 1,
      "17": 1,
      "18": 1,
      "19": 1,
      "20": 1,
      "21": 1,
      "22": 1,
      "23": 0,
      "24": 1,
      "25": 0,
      "26": 1,
      "27": 1,
      "28": 1,
      "29": 0,
      "30": 1,
      "31": 1,
      "32": 1,
      "33": 1,
      "34": 0,
      "35": 1,
      "36": 1,
      "37": 1,
      "38": 1,
      "39": 1,
      "40": 1,
      "41": 1,
      "42": 2,
      "43": 2,
      "44": 1,
      "45": 1,
      "46": 2,
      "47": 2,
      "48": 2,
      "49": 2,
      "50": 2,
      "51": 2,
      "52": 2,
      "53": 0,
      "54": 0,
      "55": 0,
      "56": 0,
      "57": 1,
      "58": 1
    },
    "f": {
      "0": 1,
      "1": 1,
      "2": 2,
      "3": 2,
      "4": 3,
      "5": 1,
      "6": 0,
      "7": 1,
      "8": 1,
      "9": 2,
      "10": 2,
      "11": 0,
      "12": 0
    },
    "b": {
      "0": [0, 2],
      "1": [3, 3, 2],
      "2": [1, 0],
      "3": [1, 1],
      "4": [0, 1],
      "5": [0, 1],
      "6": [1, 0],
      "7": [0, 1],
      "8": [0, 1],
      "9": [1, 0],
      "10": [1, 1],
      "11": [1, 0],
      "12": [1, 1],
      "13": [2, 0],
      "14": [1, 1],
      "15": [1, 1],
      "16": [0, 0],
      "17": [0, 0]
    },
    "meta": {
      "lastBranch": 18,
      "lastFunction": 13,
      "lastStatement": 59,
      "seen": {
        "f:8:13:8:23": 0,
        "s:9:4:13:Infinity": 0,
        "f:16:13:16:19": 1,
        "s:17:4:246:Infinity": 1,
        "f:249:2:249:13": 2,
        "s:250:4:250:Infinity": 2,
        "s:251:4:251:Infinity": 3,
        "s:252:4:252:Infinity": 4,
        "s:253:4:253:Infinity": 5,
        "f:256:6:256:13": 3,
        "b:257:4:257:Infinity:undefined:undefined:undefined:undefined": 0,
        "s:257:4:257:Infinity": 6,
        "s:257:27:257:Infinity": 7,
        "s:258:4:265:Infinity": 8,
        "f:260:8:260:9": 4,
        "s:261:10:263:Infinity": 9,
        "b:261:10:261:20:262:10:262:51:263:10:263:Infinity": 1,
        "f:265:12:265:13": 5,
        "s:265:22:265:67": 10,
        "f:268:2:268:17": 6,
        "s:269:4:269:Infinity": 11,
        "f:272:2:272:19": 7,
        "s:273:19:273:21": 12,
        "b:274:4:315:Infinity:undefined:undefined:undefined:undefined": 2,
        "s:274:4:315:Infinity": 13,
        "b:274:8:274:15:274:19:274:37": 3,
        "s:275:24:275:54": 14,
        "s:276:23:276:70": 15,
        "s:277:24:277:44": 16,
        "s:278:23:278:51": 17,
        "s:279:19:279:47": 18,
        "s:280:20:280:57": 19,
        "s:281:19:281:53": 20,
        "s:283:18:283:20": 21,
        "b:284:6:284:Infinity:undefined:undefined:undefined:undefined": 4,
        "s:284:6:284:Infinity": 22,
        "s:284:20:284:Infinity": 23,
        "b:285:6:285:Infinity:undefined:undefined:undefined:undefined": 5,
        "s:285:6:285:Infinity": 24,
        "s:285:21:285:Infinity": 25,
        "b:286:6:286:Infinity:undefined:undefined:undefined:undefined": 6,
        "s:286:6:286:Infinity": 26,
        "s:286:20:286:Infinity": 27,
        "b:287:6:287:Infinity:undefined:undefined:undefined:undefined": 7,
        "s:287:6:287:Infinity": 28,
        "s:287:30:287:Infinity": 29,
        "s:288:22:288:37": 30,
        "s:290:6:314:Infinity": 31,
        "s:317:4:339:Infinity": 32,
        "f:342:2:342:20": 8,
        "b:343:4:343:Infinity:undefined:undefined:undefined:undefined": 8,
        "s:343:4:343:Infinity": 33,
        "s:343:30:343:Infinity": 34,
        "s:345:16:345:31": 35,
        "s:346:15:346:46": 36,
        "b:348:4:368:Infinity:undefined:undefined:undefined:undefined": 9,
        "s:348:4:368:Infinity": 37,
        "b:348:8:348:38:348:42:348:72": 10,
        "s:349:20:349:50": 38,
        "s:350:6:350:Infinity": 39,
        "b:350:38:350:57:350:61:350:71": 11,
        "s:352:6:367:Infinity": 40,
        "s:370:4:377:Infinity": 41,
        "f:380:2:380:8": 9,
        "s:381:20:381:32": 42,
        "b:383:4:393:Infinity:undefined:undefined:undefined:undefined": 12,
        "s:383:4:393:Infinity": 43,
        "s:384:6:392:Infinity": 44,
        "s:395:23:438:6": 45,
        "f:395:35:395:36": 10,
        "s:396:20:396:61": 46,
        "b:396:20:396:39:396:43:396:61": 13,
        "s:397:21:397:49": 47,
        "s:398:23:398:33": 48,
        "s:399:25:399:50": 49,
        "s:400:21:400:49": 50,
        "s:401:23:401:54": 51,
        "s:403:6:437:Infinity": 52,
        "b:411:24:411:69:411:72:411:74": 14,
        "b:414:43:414:56:414:59:414:61": 15,
        "f:419:21:419:22": 11,
        "s:419:27:419:54": 53,
        "f:420:23:420:24": 12,
        "b:421:14:424:Infinity:undefined:undefined:undefined:undefined": 16,
        "s:421:14:424:Infinity": 54,
        "b:421:18:421:35:421:39:421:52": 17,
        "s:422:16:422:Infinity": 55,
        "s:423:16:423:Infinity": 56,
        "s:440:4:451:Infinity": 57,
        "s:454:0:454:Infinity": 58
      },
      "fnNames": {}
    }
  },
  "/Users/nick/Developer/forgejo/lens-frontend/src/ui/components/chart-card.js": {
    "path": "/Users/nick/Developer/forgejo/lens-frontend/src/ui/components/chart-card.js",
    "statementMap": {
      "0": {
        "start": { "line": 20, "column": 0 },
        "end": { "line": 33, "column": null }
      },
      "1": {
[...]
        "end": { "line": 21, "column": 4 }
      },
      "7": {
        "start": { "line": 17, "column": 4 },
        "end": { "line": 20, "column": null }
      },
      "8": {
        "start": { "line": 19, "column": 8 },
        "end": { "line": 19, "column": null }
      },
      "9": {
        "start": { "line": 23, "column": 2 },
        "end": { "line": 39, "column": null }
      },
      "10": {
        "start": { "line": 24, "column": 4 },
        "end": { "line": 38, "column": null }
      },
      "11": {
        "start": { "line": 26, "column": 23 },
        "end": { "line": 30, "column": 16 }
      },
      "12": {
        "start": { "line": 28, "column": 12 },
        "end": { "line": 29, "column": null }
      },
      "13": {
        "start": { "line": 31, "column": 23 },
        "end": { "line": 35, "column": 16 }
      },
      "14": {
        "start": { "line": 33, "column": 12 },
        "end": { "line": 34, "column": null }
      },
      "15": {
        "start": { "line": 36, "column": 8 },
        "end": { "line": 36, "column": null }
      },
      "16": {
        "start": { "line": 40, "column": 2 },
        "end": { "line": 40, "column": null }
      }
    },
    "fnMap": {
      "0": {
        "name": "groupEventsByRepository",
        "decl": {
          "start": { "line": 1, "column": 16 },
          "end": { "line": 1, "column": 39 }
        },
        "loc": {
          "start": { "line": 1, "column": 48 },
          "end": { "line": 8, "column": null }
        },
        "line": 1
      },
      "1": {
        "name": "(anonymous_1)",
        "decl": {
          "start": { "line": 3, "column": 17 },
          "end": { "line": 3, "column": 18 }
        },
        "loc": {
          "start": { "line": 3, "column": 24 },
          "end": { "line": 6, "column": 3 }
        },
        "line": 3
      },
      "2": {
        "name": "getTopRepositoriesForMetric",
        "decl": {
          "start": { "line": 10, "column": 16 },
          "end": { "line": 10, "column": 43 }
        },
        "loc": {
          "start": { "line": 15, "column": 2 },
          "end": { "line": 41, "column": null }
        },
        "line": 15
      },
      "3": {
        "name": "(anonymous_3)",
        "decl": {
          "start": { "line": 16, "column": 55 },
          "end": { "line": 16, "column": 56 }
        },
        "loc": {
          "start": { "line": 16, "column": 65 },
          "end": { "line": 21, "column": 3 }
        },
        "line": 16
      },
      "4": {
        "name": "(anonymous_4)",
        "decl": {
          "start": { "line": 18, "column": 6 },
          "end": { "line": 18, "column": 7 }
        },
        "loc": {
          "start": { "line": 19, "column": 8 },
          "end": { "line": 19, "column": null }
        },
        "line": 19
      },
      "5": {
        "name": "(anonymous_5)",
        "decl": {
          "start": { "line": 25, "column": 12 },
          "end": { "line": 25, "column": 13 }
        },
        "loc": {
          "start": { "line": 25, "column": 22 },
          "end": { "line": 37, "column": 7 }
        },
        "line": 25
      },
      "6": {
        "name": "(anonymous_6)",
        "decl": {
          "start": { "line": 27, "column": 10 },
          "end": { "line": 27, "column": 11 }
        },
        "loc": {
          "start": { "line": 28, "column": 12 },
          "end": { "line": 29, "column": null }
        },
        "line": 28
      },
      "7": {
        "name": "(anonymous_7)",
        "decl": {
          "start": { "line": 32, "column": 10 },
          "end": { "line": 32, "column": 11 }
        },
        "loc": {
          "start": { "line": 33, "column": 12 },
          "end": { "line": 34, "column": null }
        },
        "line": 33
      }
    },
    "branchMap": {
      "0": {
        "loc": {
          "start": { "line": 4, "column": 4 },
          "end": { "line": 4, "column": null }
        },
        "type": "if",
        "locations": [
          {
            "start": { "line": 4, "column": 4 },
            "end": { "line": 4, "column": null }
          },
          { "start": {}, "end": {} }
        ],
        "line": 4
      },
      "1": {
        "loc": {
          "start": { "line": 14, "column": 2 },
          "end": { "line": 14, "column": null }
        },
        "type": "default-arg",
        "locations": [
          {
            "start": { "line": 14, "column": 10 },
            "end": { "line": 14, "column": null }
          }
        ],
        "line": 14
      },
      "2": {
        "loc": {
          "start": { "line": 19, "column": 8 },
          "end": { "line": 19, "column": null }
        },
        "type": "binary-expr",
        "locations": [
          {
            "start": { "line": 19, "column": 8 },
            "end": { "line": 19, "column": 44 }
          },
          {
            "start": { "line": 19, "column": 48 },
            "end": { "line": 19, "column": null }
          }
        ],
        "line": 19
      },
      "3": {
        "loc": {
          "start": { "line": 23, "column": 2 },
          "end": { "line": 39, "column": null }
        },
        "type": "if",
        "locations": [
          {
            "start": { "line": 23, "column": 2 },
            "end": { "line": 39, "column": null }
          },
          { "start": {}, "end": {} }
        ],
        "line": 23
      },
      "4": {
        "loc": {
          "start": { "line": 23, "column": 6 },
          "end": { "line": 23, "column": 48 }
        },
        "type": "binary-expr",
        "locations": [
          {
            "start": { "line": 23, "column": 6 },
            "end": { "line": 23, "column": 18 }
          },
          {
            "start": { "line": 23, "column": 22 },
            "end": { "line": 23, "column": 48 }
          }
        ],
        "line": 23
      },
      "5": {
        "loc": {
          "start": { "line": 28, "column": 12 },
          "end": { "line": 29, "column": null }
        },
        "type": "binary-expr",
        "locations": [
          {
            "start": { "line": 28, "column": 12 },
            "end": { "line": 28, "column": 48 }
          },
          {
            "start": { "line": 29, "column": 12 },
            "end": { "line": 29, "column": null }
          }
        ],
        "line": 28
      },
      "6": {
        "loc": {
          "start": { "line": 33, "column": 12 },
          "end": { "line": 34, "column": null }
        },
        "type": "binary-expr",
        "locations": [
          {
            "start": { "line": 33, "column": 12 },
            "end": { "line": 33, "column": 48 }
          },
          {
            "start": { "line": 34, "column": 12 },
            "end": { "line": 34, "column": null }
          }
        ],
        "line": 33
      }
    },
    "s": {
      "0": 2,
      "1": 2,
      "2": 3,
      "3": 2,
      "4": 3,
      "5": 2,
      "6": 3,
      "7": 8,
      "8": 8,
      "9": 3,
      "10": 1,
      "11": 3,
      "12": 7,
      "13": 3,
      "14": 5,
      "15": 3,
      "16": 3
    },
    "f": { "0": 2, "1": 3, "2": 3, "3": 8, "4": 8, "5": 3, "6": 7, "7": 5 },
    "b": {
      "0": [2, 1],
      "1": [3],
      "2": [8, 7],
      "3": [1, 2],
      "4": [3, 1],
      "5": [7, 7],
      "6": [5, 5]
    },
    "meta": {
      "lastBranch": 7,
      "lastFunction": 8,
      "lastStatement": 17,
      "seen": {
        "f:1:16:1:39": 0,
        "s:2:25:2:27": 0,
        "s:3:2:6:Infinity": 1,
        "f:3:17:3:18": 1,
        "b:4:4:4:Infinity:undefined:undefined:undefined:undefined": 0,
        "s:4:4:4:Infinity": 2,
        "s:4:39:4:Infinity": 3,
        "s:5:4:5:Infinity": 4,
        "s:7:2:7:Infinity": 5,
        "f:10:16:10:43": 2,
        "b:14:10:14:Infinity": 1,
        "s:16:20:21:4": 6,
        "f:16:55:16:56": 3,
        "s:17:4:20:Infinity": 7,
        "f:18:6:18:7": 4,
        "s:19:8:19:Infinity": 8,
        "b:19:8:19:44:19:48:19:Infinity": 2,
        "b:23:2:39:Infinity:undefined:undefined:undefined:undefined": 3,
        "s:23:2:39:Infinity": 9,
        "b:23:6:23:18:23:22:23:48": 4,
        "s:24:4:38:Infinity": 10,
        "f:25:12:25:13": 5,
        "s:26:23:30:16": 11,
        "f:27:10:27:11": 6,
        "s:28:12:29:Infinity": 12,
        "b:28:12:28:48:29:12:29:Infinity": 5,
        "s:31:23:35:16": 13,
        "f:32:10:32:11": 7,
        "s:33:12:34:Infinity": 14,
        "b:33:12:33:48:34:12:34:Infinity": 6,
        "s:36:8:36:Infinity": 15,
        "s:40:2:40:Infinity": 16
      },
      "fnNames": {}
    }
  },
  "/Users/nick/Developer/forgejo/lens-frontend/src/utils/formatters.js": {
    "path": "/Users/nick/Developer/forgejo/lens-frontend/src/utils/formatters.js",
    "statementMap": {
      "0": {
        "start": { "line": 3, "column": 26 },
        "end": { "line": 7, "column": 1 }
      },
      "1": {
        "start": { "line": 4, "column": 2 },
        "end": { "line": 4, "column": null }
      },
      "2": {
        "start": { "line": 4, "column": 19 },
        "end": { "line": 4, "column": null }
      },
      "3": {
        "start": { "line": 5, "column": 15 },
        "end": { "line": 5, "column": 35 }
      },
      "4": {
        "start": { "line": 6, "column": 2 },
        "end": { "line": 6, "column": null }
      },
      "5": {
        "start": { "line": 9, "column": 30 },
        "end": { "line": 13, "column": 1 }
      },
      "6": {
        "start": { "line": 10, "column": 2 },
        "end": { "line": 10, "column": null }
      },
      "7": {
        "start": { "line": 10, "column": 23 },
        "end": { "line": 10, "column": null }
      },
      "8": {
        "start": { "line": 11, "column": 2 },
        "end": { "line": 11, "column": null }
      },
      "9": {
        "start": { "line": 11, "column": 17 },
        "end": { "line": 11, "column": null }
      },
      "10": {
        "start": { "line": 12, "column": 2 },
        "end": { "line": 12, "column": null }
      },
      "11": {
        "start": { "line": 15, "column": 24 },
        "end": { "line": 21, "column": 1 }
      },
      "12": {
        "start": { "line": 17, "column": 2 },
        "end": { "line": 20, "column": null }
      },
      "13": {
        "start": { "line": 18, "column": 4 },
        "end": { "line": 18, "column": null }
      },
      "14": {
        "start": { "line": 19, "column": 4 },
        "end": { "line": 19, "column": null }
      },
      "15": {
        "start": { "line": 19, "column": 31 },
        "end": { "line": 19, "column": 41 }
      },
      "16": {
        "start": { "line": 23, "column": 32 },
        "end": { "line": 43, "column": 1 }
      },
      "17": {
        "start": { "line": 24, "column": 2 },
        "end": { "line": 25, "column": null }
      },
      "18": {
        "start": { "line": 25, "column": 4 },
        "end": { "line": 25, "column": null }
      },
      "19": {
        "start": { "line": 27, "column": 26 },
        "end": { "line": 29, "column": 3 }
      },
      "20": {
        "start": { "line": 28, "column": 15 },
        "end": { "line": 28, "column": null }
      },
      "21": {
        "start": { "line": 31, "column": 2 },
        "end": { "line": 32, "column": null }
      },
      "22": {
        "start": { "line": 32, "column": 4 },
        "end": { "line": 32, "column": null }
      },
      "23": {
        "start": { "line": 34, "column": 2 },
        "end": { "line": 42, "column": null }
      },
      "24": {
        "start": { "line": 36, "column": 25 },
        "end": { "line": 36, "column": 76 }
      },
      "25": {
        "start": { "line": 37, "column": 6 },
        "end": { "line": 40, "column": null }
      }
    },
    "fnMap": {
      "0": {
        "name": "(anonymous_0)",
        "decl": {
          "start": { "line": 3, "column": 26 },
          "end": { "line": 3, "column": 27 }
        },
        "loc": {
          "start": { "line": 3, "column": 42 },
          "end": { "line": 7, "column": 1 }
        },
        "line": 3
      },
      "1": {
        "name": "(anonymous_1)",
        "decl": {
          "start": { "line": 9, "column": 30 },
          "end": { "line": 9, "column": 31 }
        },
        "loc": {
          "start": { "line": 9, "column": 38 },
          "end": { "line": 13, "column": 1 }
        },
        "line": 9
      },
      "2": {
        "name": "(anonymous_2)",
        "decl": {
          "start": { "line": 15, "column": 24 },
          "end": { "line": 15, "column": 25 }
        },
        "loc": {
          "start": { "line": 15, "column": 40 },
          "end": { "line": 21, "column": 1 }
        },
        "line": 15
      },
      "3": {
        "name": "(anonymous_3)",
        "decl": {
          "start": { "line": 17, "column": 9 },
          "end": { "line": 17, "column": 10 }
        },
        "loc": {
          "start": { "line": 17, "column": 22 },
          "end": { "line": 20, "column": 3 }
        },
        "line": 17
      },
      "4": {
        "name": "(anonymous_4)",
        "decl": {
          "start": { "line": 19, "column": 25 },
          "end": { "line": 19, "column": 26 }
        },
        "loc": {
          "start": { "line": 19, "column": 31 },
          "end": { "line": 19, "column": 41 }
        },
        "line": 19
      },
      "5": {
        "name": "(anonymous_5)",
        "decl": {
          "start": { "line": 23, "column": 32 },
          "end": { "line": 23, "column": 33 }
        },
        "loc": {
          "start": { "line": 23, "column": 42 },
          "end": { "line": 43, "column": 1 }
        },
        "line": 23
      },
      "6": {
        "name": "(anonymous_6)",
        "decl": {
          "start": { "line": 28, "column": 4 },
          "end": { "line": 28, "column": 5 }
        },
        "loc": {
          "start": { "line": 28, "column": 15 },
          "end": { "line": 28, "column": null }
        },
        "line": 28
      },
      "7": {
        "name": "(anonymous_7)",
        "decl": {
          "start": { "line": 35, "column": 26 },
          "end": { "line": 35, "column": 27 }
        },
        "loc": {
          "start": { "line": 35, "column": 42 },
          "end": { "line": 41, "column": 5 }
        },
        "line": 35
      }
    },
    "branchMap": {
      "0": {
        "loc": {
          "start": { "line": 4, "column": 2 },
          "end": { "line": 4, "column": null }
        },
        "type": "if",
        "locations": [
          {
            "start": { "line": 4, "column": 2 },
            "end": { "line": 4, "column": null }
          },
          { "start": {}, "end": {} }
        ],
        "line": 4
      },
      "1": {
        "loc": {
          "start": { "line": 10, "column": 2 },
          "end": { "line": 10, "column": null }
        },
        "type": "if",
        "locations": [
          {
            "start": { "line": 10, "column": 2 },
            "end": { "line": 10, "column": null }
          },
          { "start": {}, "end": {} }
        ],
        "line": 10
      },
      "2": {
        "loc": {
          "start": { "line": 10, "column": 6 },
          "end": { "line": 10, "column": 21 }
        },
        "type": "binary-expr",
        "locations": [
          {
            "start": { "line": 10, "column": 6 },
            "end": { "line": 10, "column": 9 }
          },
          {
            "start": { "line": 10, "column": 13 },
            "end": { "line": 10, "column": 21 }
          }
        ],
        "line": 10
      },
      "3": {
        "loc": {
          "start": { "line": 11, "column": 2 },
          "end": { "line": 11, "column": null }
        },
        "type": "if",
        "locations": [
          {
            "start": { "line": 11, "column": 2 },
            "end": { "line": 11, "column": null }
          },
          { "start": {}, "end": {} }
        ],
        "line": 11
      },
      "4": {
        "loc": {
          "start": { "line": 24, "column": 2 },
          "end": { "line": 25, "column": null }
        },
        "type": "if",
        "locations": [
          {
            "start": { "line": 24, "column": 2 },
            "end": { "line": 25, "column": null }
          },
          { "start": {}, "end": {} }
        ],
        "line": 24
      },
      "5": {
        "loc": {
          "start": { "line": 24, "column": 6 },
          "end": { "line": 24, "column": 45 }
        },
        "type": "binary-expr",
        "locations": [
          {
            "start": { "line": 24, "column": 6 },
            "end": { "line": 24, "column": 11 }
          },
          {
            "start": { "line": 24, "column": 15 },
            "end": { "line": 24, "column": 45 }
          }
        ],
        "line": 24
      },
      "6": {
        "loc": {
          "start": { "line": 31, "column": 2 },
          "end": { "line": 32, "column": null }
        },
        "type": "if",
        "locations": [
          {
            "start": { "line": 31, "column": 2 },
            "end": { "line": 32, "column": null }
          },
          { "start": {}, "end": {} }
        ],
        "line": 31
      },
      "7": {
        "loc": {
          "start": { "line": 36, "column": 25 },
          "end": { "line": 36, "column": 76 }
        },
        "type": "cond-expr",
        "locations": [
          {
            "start": { "line": 36, "column": 51 },
            "end": { "line": 36, "column": 70 }
          },
          {
            "start": { "line": 36, "column": 73 },
            "end": { "line": 36, "column": 76 }
          }
        ],
        "line": 36
      }
    },
    "s": {
      "0": 2,
      "1": 8,
      "2": 3,
      "3": 5,
      "4": 5,
      "5": 2,
      "6": 8,
      "7": 2,
      "8": 6,
      "9": 6,
      "10": 3,
      "11": 2,
      "12": 0,
      "13": 0,
      "14": 0,
      "15": 0,
      "16": 2,
      "17": 3,
      "18": 2,
      "19": 1,
      "20": 1,
      "21": 1,
      "22": 0,
      "23": 1,
      "24": 1,
      "25": 1
    },
    "f": { "0": 8, "1": 8, "2": 0, "3": 0, "4": 0, "5": 3, "6": 1, "7": 1 },
    "b": {
      "0": [3, 5],
      "1": [2, 6],
      "2": [8, 3],
      "3": [3, 3],
      "4": [2, 1],
      "5": [3, 1],
      "6": [0, 1],
      "7": [0, 1]
    },
    "meta": {
      "lastBranch": 8,
      "lastFunction": 8,
      "lastStatement": 26,
      "seen": {
        "s:3:26:7:1": 0,
        "f:3:26:3:27": 0,
        "b:4:2:4:Infinity:undefined:undefined:undefined:undefined": 0,
        "s:4:2:4:Infinity": 1,
        "s:4:19:4:Infinity": 2,
        "s:5:15:5:35": 3,
        "s:6:2:6:Infinity": 4,
        "s:9:30:13:1": 5,
        "f:9:30:9:31": 1,
        "b:10:2:10:Infinity:undefined:undefined:undefined:undefined": 1,
        "s:10:2:10:Infinity": 6,
        "b:10:6:10:9:10:13:10:21": 2,
        "s:10:23:10:Infinity": 7,
        "b:11:2:11:Infinity:undefined:undefined:undefined:undefined": 3,
        "s:11:2:11:Infinity": 8,
        "s:11:17:11:Infinity": 9,
        "s:12:2:12:Infinity": 10,
        "s:15:24:21:1": 11,
        "f:15:24:15:25": 2,
        "s:17:2:20:Infinity": 12,
        "f:17:9:17:10": 3,
        "s:18:4:18:Infinity": 13,
        "s:19:4:19:Infinity": 14,
        "f:19:25:19:26": 4,
        "s:19:31:19:41": 15,
        "s:23:32:43:1": 16,
        "f:23:32:23:33": 5,
        "b:24:2:25:Infinity:undefined:undefined:undefined:undefined": 4,
        "s:24:2:25:Infinity": 17,
        "b:24:6:24:11:24:15:24:45": 5,
        "s:25:4:25:Infinity": 18,
        "s:27:26:29:3": 19,
        "f:28:4:28:5": 6,
        "s:28:15:28:Infinity": 20,
        "b:31:2:32:Infinity:undefined:undefined:undefined:undefined": 6,
        "s:31:2:32:Infinity": 21,
        "s:32:4:32:Infinity": 22,
        "s:34:2:42:Infinity": 23,
        "f:35:26:35:27": 7,
        "s:36:25:36:76": 24,
        "b:36:51:36:70:36:73:36:76": 7,
        "s:37:6:40:Infinity": 25
      },
      "fnNames": {}
    }
  }
}
